[debug] [2023-08-05T18:48:34.156Z] ----------------------------------------------------------------------
[debug] [2023-08-05T18:48:34.160Z] Command:       C:\Program Files\nodejs\node.exe C:\Users\mathi\AppData\Roaming\npm\node_modules\firebase-tools\lib\bin\firebase.js init
[debug] [2023-08-05T18:48:34.161Z] CLI Version:   12.4.7
[debug] [2023-08-05T18:48:34.161Z] Platform:      win32
[debug] [2023-08-05T18:48:34.162Z] Node Version:  v18.13.0
[debug] [2023-08-05T18:48:34.163Z] Time:          Sat Aug 05 2023 20:48:34 GMT+0200 (Midden-Europese zomertijd)
[debug] [2023-08-05T18:48:34.163Z] ----------------------------------------------------------------------
[debug] 
[debug] [2023-08-05T18:48:34.178Z] > command requires scopes: ["email","openid","https://www.googleapis.com/auth/cloudplatformprojects.readonly","https://www.googleapis.com/auth/firebase","https://www.googleapis.com/auth/cloud-platform"]
[debug] [2023-08-05T18:48:34.180Z] > authorizing via signed-in user (mathias.vannuland@gmail.com)
[info] 
     ######## #### ########  ######## ########     ###     ######  ########
     ##        ##  ##     ## ##       ##     ##  ##   ##  ##       ##
     ######    ##  ########  ######   ########  #########  ######  ######
     ##        ##  ##    ##  ##       ##     ## ##     ##       ## ##
     ##       #### ##     ## ######## ########  ##     ##  ######  ########

You're about to initialize a Firebase project in this directory:

  C:\Users\mathi\Documents\CODE\react\tutorial-pedrotech-youtube

[info] 
=== Project Setup
[info] 
[info] First, let's associate this project directory with a Firebase project.
[info] You can create multiple project aliases by running firebase use --add, 
[info] but for now we'll just set up a default project.
[info] 
[debug] [2023-08-05T18:50:46.838Z] >>> [apiv2][query] GET https://firebase.googleapis.com/v1beta1/projects pageSize=100
[debug] [2023-08-05T18:50:50.208Z] <<< [apiv2][status] GET https://firebase.googleapis.com/v1beta1/projects 200
[debug] [2023-08-05T18:50:50.208Z] <<< [apiv2][body] GET https://firebase.googleapis.com/v1beta1/projects [omitted]
[info] i  Using project pedrotechreactjscourse (PedroTechReactJSCourse) 
[info] 
=== Hosting Setup
[info] 
[info] Your public directory is the folder (relative to your project directory) that
[info] will contain Hosting assets to be uploaded with firebase deploy. If you
[info] have a build process for your assets, use your build's output directory.
[info] 
[info] +  Wrote public/404.html 
[debug] [2023-08-05T18:52:29.511Z] >>> [apiv2][query] GET https://www.gstatic.com/firebasejs/releases.json [none]
[debug] [2023-08-05T18:52:29.604Z] <<< [apiv2][status] GET https://www.gstatic.com/firebasejs/releases.json 200
[debug] [2023-08-05T18:52:29.604Z] <<< [apiv2][body] GET https://www.gstatic.com/firebasejs/releases.json {"current":{"version":"10.1.0","browserURL":"https://www.gstatic.com/firebasejs/10.1.0/firebase.js","packageURL":"https://www.gstatic.com/firebasejs/10.1.0/firebase.tgz"},"live":{"version":"10.1","browserURL":"https://www.gstatic.com/firebasejs/live/10.1/firebase.js","packageURL":"https://www.gstatic.com/firebasejs/live/10.1/firebase.tgz"},"components":{"analytics":"https://www.gstatic.com/firebasejs/10.1.0/firebase-analytics.js","app":"https://www.gstatic.com/firebasejs/10.1.0/firebase-app.js","app-check":"https://www.gstatic.com/firebasejs/10.1.0/firebase-app-check.js","auth":"https://www.gstatic.com/firebasejs/10.1.0/firebase-auth.js","auth/cordova":"https://www.gstatic.com/firebasejs/10.1.0/firebase-auth/cordova.js","functions":"https://www.gstatic.com/firebasejs/10.1.0/firebase-functions.js","firestore":"https://www.gstatic.com/firebasejs/10.1.0/firebase-firestore.js","firestore/lite":"https://www.gstatic.com/firebasejs/10.1.0/firebase-firestore/lite.js","installations":"https://www.gstatic.com/firebasejs/10.1.0/firebase-installations.js","storage":"https://www.gstatic.com/firebasejs/10.1.0/firebase-storage.js","performance":"https://www.gstatic.com/firebasejs/10.1.0/firebase-performance.js","remote-config":"https://www.gstatic.com/firebasejs/10.1.0/firebase-remote-config.js","messaging":"https://www.gstatic.com/firebasejs/10.1.0/firebase-messaging.js","messaging/sw":"https://www.gstatic.com/firebasejs/10.1.0/firebase-messaging/sw.js","database":"https://www.gstatic.com/firebasejs/10.1.0/firebase-database.js","firestore.memory":"https://www.gstatic.com/firebasejs/10.1.0/firebase-firestore.memory.js"}}
[info] i  Skipping write of public/index.html 
[info] 
[info] i  Detected a .git folder at C:\Users\mathi\Documents\CODE\react\tutorial-pedrotech-youtube 
[info] i  Authorizing with GitHub to upload your service account to a GitHub repository's secrets store. 
[info] 
[info] Visit this URL on this device to log in:
[info] https://github.com/login/oauth/authorize?client_id=89cf50f02ac6aaed3484&state=663226798&redirect_uri=http%3A%2F%2Flocalhost%3A9005&scope=read%3Auser%20repo%20public_repo
[info] 
[info] Waiting for authentication...
[debug] [2023-08-05T18:53:32.748Z] >>> [apiv2][query] POST https://github.com/login/oauth/access_token [none]
[debug] [2023-08-05T18:53:32.749Z] >>> [apiv2][body] POST https://github.com/login/oauth/access_token [stream]
[debug] [2023-08-05T18:53:33.060Z] <<< [apiv2][status] POST https://github.com/login/oauth/access_token 200
[debug] [2023-08-05T18:53:33.060Z] <<< [apiv2][body] POST https://github.com/login/oauth/access_token {"access_token":"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","token_type":"bearer","scope":"read:user,repo"}
[debug] [2023-08-05T18:53:33.066Z] >>> [apiv2][query] GET https://api.github.com/user [none]
[debug] [2023-08-05T18:53:33.362Z] <<< [apiv2][status] GET https://api.github.com/user 200
[debug] [2023-08-05T18:53:33.362Z] <<< [apiv2][body] GET https://api.github.com/user {"login":"mathiasvan","id":80095664,"node_id":"MDQ6VXNlcjgwMDk1NjY0","avatar_url":"https://avatars.githubusercontent.com/u/80095664?v=4","gravatar_id":"","url":"https://api.github.com/users/mathiasvan","html_url":"https://github.com/mathiasvan","followers_url":"https://api.github.com/users/mathiasvan/followers","following_url":"https://api.github.com/users/mathiasvan/following{/other_user}","gists_url":"https://api.github.com/users/mathiasvan/gists{/gist_id}","starred_url":"https://api.github.com/users/mathiasvan/starred{/owner}{/repo}","subscriptions_url":"https://api.github.com/users/mathiasvan/subscriptions","organizations_url":"https://api.github.com/users/mathiasvan/orgs","repos_url":"https://api.github.com/users/mathiasvan/repos","events_url":"https://api.github.com/users/mathiasvan/events{/privacy}","received_events_url":"https://api.github.com/users/mathiasvan/received_events","type":"User","site_admin":false,"name":null,"company":null,"blog":"mathiasvan.github.io","location":null,"email":null,"hireable":null,"bio":null,"twitter_username":null,"public_repos":3,"public_gists":0,"followers":1,"following":1,"created_at":"2021-03-05T08:45:39Z","updated_at":"2023-07-09T12:02:34Z","private_gists":0,"total_private_repos":1,"owned_private_repos":1,"disk_usage":1980,"collaborators":0,"two_factor_authentication":false,"plan":{"name":"pro","space":976562499,"collaborators":0,"private_repos":9999}}
[info] 
[info] +  Success! Logged into GitHub as mathiasvan 
[info] 
